This is pdfTeX, Version 3.141592653-2.6-1.40.27 (TeX Live 2025) (preloaded format=pdflatex 2025.5.4)  28 MAY 2025 00:10
entering extended mode
 restricted \write18 enabled.
 %&-line parsing enabled.
**version_balint.tex
(./version_balint.tex
LaTeX2e <2024-11-01> patch level 2
L3 programming layer <2025-04-14>
(c:/Users/32492/AppData/Roaming/TinyTeX/texmf-dist/tex/latex/base/article.cls
Document Class: article 2024/06/29 v1.4n Standard LaTeX document class
(c:/Users/32492/AppData/Roaming/TinyTeX/texmf-dist/tex/latex/base/size10.clo
File: size10.clo 2024/06/29 v1.4n Standard LaTeX file (size option)
)
\c@part=\count272
\c@section=\count273
\c@subsection=\count274
\c@subsubsection=\count275
\c@paragraph=\count276
\c@subparagraph=\count277
\c@figure=\count278
\c@table=\count279
\abovecaptionskip=\skip49
\belowcaptionskip=\skip50
\bibindent=\dimen146
) (c:/Users/32492/AppData/Roaming/TinyTeX/texmf-dist/tex/latex/amsmath/amsmath.sty
Package: amsmath 2024/11/05 v2.17t AMS math features
\@mathmargin=\skip51
For additional information on amsmath, use the `?' option.
(c:/Users/32492/AppData/Roaming/TinyTeX/texmf-dist/tex/latex/amsmath/amstext.sty
Package: amstext 2021/08/26 v2.01 AMS text
(c:/Users/32492/AppData/Roaming/TinyTeX/texmf-dist/tex/latex/amsmath/amsgen.sty
File: amsgen.sty 1999/11/30 v2.0 generic functions
\@emptytoks=\toks17
\ex@=\dimen147
)) (c:/Users/32492/AppData/Roaming/TinyTeX/texmf-dist/tex/latex/amsmath/amsbsy.sty
Package: amsbsy 1999/11/29 v1.2d Bold Symbols
\pmbraise@=\dimen148
) (c:/Users/32492/AppData/Roaming/TinyTeX/texmf-dist/tex/latex/amsmath/amsopn.sty
Package: amsopn 2022/04/08 v2.04 operator names
)
\inf@bad=\count280
LaTeX Info: Redefining \frac on input line 233.
\uproot@=\count281
\leftroot@=\count282
LaTeX Info: Redefining \overline on input line 398.
LaTeX Info: Redefining \colon on input line 409.
\classnum@=\count283
\DOTSCASE@=\count284
LaTeX Info: Redefining \ldots on input line 495.
LaTeX Info: Redefining \dots on input line 498.
LaTeX Info: Redefining \cdots on input line 619.
\Mathstrutbox@=\box53
\strutbox@=\box54
LaTeX Info: Redefining \big on input line 721.
LaTeX Info: Redefining \Big on input line 722.
LaTeX Info: Redefining \bigg on input line 723.
LaTeX Info: Redefining \Bigg on input line 724.
\big@size=\dimen149
LaTeX Font Info:    Redeclaring font encoding OML on input line 742.
LaTeX Font Info:    Redeclaring font encoding OMS on input line 743.
\macc@depth=\count285
LaTeX Info: Redefining \bmod on input line 904.
LaTeX Info: Redefining \pmod on input line 909.
LaTeX Info: Redefining \smash on input line 939.
LaTeX Info: Redefining \relbar on input line 969.
LaTeX Info: Redefining \Relbar on input line 970.
\c@MaxMatrixCols=\count286
\dotsspace@=\muskip17
\c@parentequation=\count287
\dspbrk@lvl=\count288
\tag@help=\toks18
\row@=\count289
\column@=\count290
\maxfields@=\count291
\andhelp@=\toks19
\eqnshift@=\dimen150
\alignsep@=\dimen151
\tagshift@=\dimen152
\tagwidth@=\dimen153
\totwidth@=\dimen154
\lineht@=\dimen155
\@envbody=\toks20
\multlinegap=\skip52
\multlinetaggap=\skip53
\mathdisplay@stack=\toks21
LaTeX Info: Redefining \[ on input line 2953.
LaTeX Info: Redefining \] on input line 2954.
) (c:/Users/32492/AppData/Roaming/TinyTeX/texmf-dist/tex/latex/amsfonts/amssymb.sty
Package: amssymb 2013/01/14 v3.01 AMS font symbols
(c:/Users/32492/AppData/Roaming/TinyTeX/texmf-dist/tex/latex/amsfonts/amsfonts.sty
Package: amsfonts 2013/01/14 v3.01 Basic AMSFonts support
\symAMSa=\mathgroup4
\symAMSb=\mathgroup5
LaTeX Font Info:    Redeclaring math symbol \hbar on input line 98.
LaTeX Font Info:    Overwriting math alphabet `\mathfrak' in version `bold'
(Font)                  U/euf/m/n --> U/euf/b/n on input line 106.
)) (c:/Users/32492/AppData/Roaming/TinyTeX/texmf-dist/tex/generic/iftex/iftex.sty
Package: iftex 2024/12/12 v1.0g TeX engine tests
) (c:/Users/32492/AppData/Roaming/TinyTeX/texmf-dist/tex/latex/base/fontenc.sty
Package: fontenc 2021/04/29 v2.0v Standard LaTeX package
) (c:/Users/32492/AppData/Roaming/TinyTeX/texmf-dist/tex/latex/base/inputenc.sty
Package: inputenc 2024/02/08 v1.3d Input encoding file
\inpenc@prehook=\toks22
\inpenc@posthook=\toks23
) (c:/Users/32492/AppData/Roaming/TinyTeX/texmf-dist/tex/latex/base/textcomp.sty
Package: textcomp 2024/04/24 v2.1b Standard LaTeX package
) (c:/Users/32492/AppData/Roaming/TinyTeX/texmf-dist/tex/latex/lm/lmodern.sty
Package: lmodern 2015/05/01 v1.6.1 Latin Modern Fonts
LaTeX Font Info:    Overwriting symbol font `operators' in version `normal'
(Font)                  OT1/cmr/m/n --> OT1/lmr/m/n on input line 22.
LaTeX Font Info:    Overwriting symbol font `letters' in version `normal'
(Font)                  OML/cmm/m/it --> OML/lmm/m/it on input line 23.
LaTeX Font Info:    Overwriting symbol font `symbols' in version `normal'
(Font)                  OMS/cmsy/m/n --> OMS/lmsy/m/n on input line 24.
LaTeX Font Info:    Overwriting symbol font `largesymbols' in version `normal'
(Font)                  OMX/cmex/m/n --> OMX/lmex/m/n on input line 25.
LaTeX Font Info:    Overwriting symbol font `operators' in version `bold'
(Font)                  OT1/cmr/bx/n --> OT1/lmr/bx/n on input line 26.
LaTeX Font Info:    Overwriting symbol font `letters' in version `bold'
(Font)                  OML/cmm/b/it --> OML/lmm/b/it on input line 27.
LaTeX Font Info:    Overwriting symbol font `symbols' in version `bold'
(Font)                  OMS/cmsy/b/n --> OMS/lmsy/b/n on input line 28.
LaTeX Font Info:    Overwriting symbol font `largesymbols' in version `bold'
(Font)                  OMX/cmex/m/n --> OMX/lmex/m/n on input line 29.
LaTeX Font Info:    Overwriting math alphabet `\mathbf' in version `normal'
(Font)                  OT1/cmr/bx/n --> OT1/lmr/bx/n on input line 31.
LaTeX Font Info:    Overwriting math alphabet `\mathsf' in version `normal'
(Font)                  OT1/cmss/m/n --> OT1/lmss/m/n on input line 32.
LaTeX Font Info:    Overwriting math alphabet `\mathit' in version `normal'
(Font)                  OT1/cmr/m/it --> OT1/lmr/m/it on input line 33.
LaTeX Font Info:    Overwriting math alphabet `\mathtt' in version `normal'
(Font)                  OT1/cmtt/m/n --> OT1/lmtt/m/n on input line 34.
LaTeX Font Info:    Overwriting math alphabet `\mathbf' in version `bold'
(Font)                  OT1/cmr/bx/n --> OT1/lmr/bx/n on input line 35.
LaTeX Font Info:    Overwriting math alphabet `\mathsf' in version `bold'
(Font)                  OT1/cmss/bx/n --> OT1/lmss/bx/n on input line 36.
LaTeX Font Info:    Overwriting math alphabet `\mathit' in version `bold'
(Font)                  OT1/cmr/bx/it --> OT1/lmr/bx/it on input line 37.
LaTeX Font Info:    Overwriting math alphabet `\mathtt' in version `bold'
(Font)                  OT1/cmtt/m/n --> OT1/lmtt/m/n on input line 38.
) (c:/Users/32492/AppData/Roaming/TinyTeX/texmf-dist/tex/latex/xcolor/xcolor.sty
Package: xcolor 2024/09/29 v3.02 LaTeX color extensions (UK)
(c:/Users/32492/AppData/Roaming/TinyTeX/texmf-dist/tex/latex/graphics-cfg/color.cfg
File: color.cfg 2016/01/02 v1.6 sample color configuration
)
Package xcolor Info: Driver file: pdftex.def on input line 274.
(c:/Users/32492/AppData/Roaming/TinyTeX/texmf-dist/tex/latex/graphics-def/pdftex.def
File: pdftex.def 2024/04/13 v1.2c Graphics/color driver for pdftex
) (c:/Users/32492/AppData/Roaming/TinyTeX/texmf-dist/tex/latex/graphics/mathcolor.ltx)
Package xcolor Info: Model `cmy' substituted by `cmy0' on input line 1349.
Package xcolor Info: Model `hsb' substituted by `rgb' on input line 1353.
Package xcolor Info: Model `RGB' extended on input line 1365.
Package xcolor Info: Model `HTML' substituted by `rgb' on input line 1367.
Package xcolor Info: Model `Hsb' substituted by `hsb' on input line 1368.
Package xcolor Info: Model `tHsb' substituted by `hsb' on input line 1369.
Package xcolor Info: Model `HSB' substituted by `hsb' on input line 1370.
Package xcolor Info: Model `Gray' substituted by `gray' on input line 1371.
Package xcolor Info: Model `wave' substituted by `hsb' on input line 1372.
) (c:/Users/32492/AppData/Roaming/TinyTeX/texmf-dist/tex/latex/geometry/geometry.sty
Package: geometry 2020/01/02 v5.9 Page Geometry
(c:/Users/32492/AppData/Roaming/TinyTeX/texmf-dist/tex/latex/graphics/keyval.sty
Package: keyval 2022/05/29 v1.15 key=value parser (DPC)
\KV@toks@=\toks24
) (c:/Users/32492/AppData/Roaming/TinyTeX/texmf-dist/tex/generic/iftex/ifvtex.sty
Package: ifvtex 2019/10/25 v1.7 ifvtex legacy package. Use iftex instead.
)
\Gm@cnth=\count292
\Gm@cntv=\count293
\c@Gm@tempcnt=\count294
\Gm@bindingoffset=\dimen156
\Gm@wd@mp=\dimen157
\Gm@odd@mp=\dimen158
\Gm@even@mp=\dimen159
\Gm@layoutwidth=\dimen160
\Gm@layoutheight=\dimen161
\Gm@layouthoffset=\dimen162
\Gm@layoutvoffset=\dimen163
\Gm@dimlist=\toks25
) (c:/Users/32492/AppData/Roaming/TinyTeX/texmf-dist/tex/latex/fancyvrb/fancyvrb.sty
Package: fancyvrb 2024/01/20 4.5c verbatim text (tvz,hv)
\FV@CodeLineNo=\count295
\FV@InFile=\read2
\FV@TabBox=\box55
\c@FancyVerbLine=\count296
\FV@StepNumber=\count297
\FV@OutFile=\write3
) (c:/Users/32492/AppData/Roaming/TinyTeX/texmf-dist/tex/latex/framed/framed.sty
Package: framed 2011/10/22 v 0.96: framed or shaded text with page breaks
\OuterFrameSep=\skip54
\fb@frw=\dimen164
\fb@frh=\dimen165
\FrameRule=\dimen166
\FrameSep=\dimen167
) (c:/Users/32492/AppData/Roaming/TinyTeX/texmf-dist/tex/latex/tools/longtable.sty
Package: longtable 2024-10-27 v4.22 Multi-page Table package (DPC)
\LTleft=\skip55
\LTright=\skip56
\LTpre=\skip57
\LTpost=\skip58
\LTchunksize=\count298
\LTcapwidth=\dimen168
\LT@head=\box56
\LT@firsthead=\box57
\LT@foot=\box58
\LT@lastfoot=\box59
\LT@gbox=\box60
\LT@cols=\count299
\LT@rows=\count300
\c@LT@tables=\count301
\c@LT@chunks=\count302
\LT@p@ftn=\toks26
) (c:/Users/32492/AppData/Roaming/TinyTeX/texmf-dist/tex/latex/booktabs/booktabs.sty
Package: booktabs 2020/01/12 v1.61803398 Publication quality tables
\heavyrulewidth=\dimen169
\lightrulewidth=\dimen170
\cmidrulewidth=\dimen171
\belowrulesep=\dimen172
\belowbottomsep=\dimen173
\aboverulesep=\dimen174
\abovetopsep=\dimen175
\cmidrulesep=\dimen176
\cmidrulekern=\dimen177
\defaultaddspace=\dimen178
\@cmidla=\count303
\@cmidlb=\count304
\@aboverulesep=\dimen179
\@belowrulesep=\dimen180
\@thisruleclass=\count305
\@lastruleclass=\count306
\@thisrulewidth=\dimen181
) (c:/Users/32492/AppData/Roaming/TinyTeX/texmf-dist/tex/latex/tools/array.sty
Package: array 2024/10/17 v2.6g Tabular extension package (FMi)
\col@sep=\dimen182
\ar@mcellbox=\box61
\extrarowheight=\dimen183
\NC@list=\toks27
\extratabsurround=\skip59
\backup@length=\skip60
\ar@cellbox=\box62
) (c:/Users/32492/AppData/Roaming/TinyTeX/texmf-dist/tex/latex/tools/calc.sty
Package: calc 2023/07/08 v4.3 Infix arithmetic (KKT,FJ)
\calc@Acount=\count307
\calc@Bcount=\count308
\calc@Adimen=\dimen184
\calc@Bdimen=\dimen185
\calc@Askip=\skip61
\calc@Bskip=\skip62
LaTeX Info: Redefining \setlength on input line 80.
LaTeX Info: Redefining \addtolength on input line 81.
\calc@Ccount=\count309
\calc@Cskip=\skip63
) (c:/Users/32492/AppData/Roaming/TinyTeX/texmf-dist/tex/latex/etoolbox/etoolbox.sty
Package: etoolbox 2025/02/11 v2.5l e-TeX tools for LaTeX (JAW)
\etb@tempcnta=\count310
) (c:/Users/32492/AppData/Roaming/TinyTeX/texmf-dist/tex/latex/mdwtools/footnote.sty
Package: footnote 1997/01/28 1.13 Save footnotes around boxes
\fn@notes=\box63
\fn@width=\dimen186
) (c:/Users/32492/AppData/Roaming/TinyTeX/texmf-dist/tex/latex/graphics/graphicx.sty
Package: graphicx 2021/09/16 v1.2d Enhanced LaTeX Graphics (DPC,SPQR)
(c:/Users/32492/AppData/Roaming/TinyTeX/texmf-dist/tex/latex/graphics/graphics.sty
Package: graphics 2024/08/06 v1.4g Standard LaTeX Graphics (DPC,SPQR)
(c:/Users/32492/AppData/Roaming/TinyTeX/texmf-dist/tex/latex/graphics/trig.sty
Package: trig 2023/12/02 v1.11 sin cos tan (DPC)
) (c:/Users/32492/AppData/Roaming/TinyTeX/texmf-dist/tex/latex/graphics-cfg/graphics.cfg
File: graphics.cfg 2016/06/04 v1.11 sample graphics configuration
)
Package graphics Info: Driver file: pdftex.def on input line 106.
)
\Gin@req@height=\dimen187
\Gin@req@width=\dimen188
) (c:/Users/32492/AppData/Roaming/TinyTeX/texmf-dist/tex/latex/multirow/multirow.sty
Package: multirow 2024/11/12 v2.9 Span multiple rows of a table
\multirow@colwidth=\skip64
\multirow@cntb=\count311
\multirow@dima=\skip65
\bigstrutjot=\dimen189
) (c:/Users/32492/AppData/Roaming/TinyTeX/texmf-dist/tex/latex/wrapfig/wrapfig.sty
\wrapoverhang=\dimen190
\WF@size=\dimen191
\c@WF@wrappedlines=\count312
\WF@box=\box64
\WF@everypar=\toks28
Package: wrapfig 2003/01/31  v 3.6
) (c:/Users/32492/AppData/Roaming/TinyTeX/texmf-dist/tex/latex/float/float.sty
Package: float 2001/11/08 v1.3d Float enhancements (AL)
\c@float@type=\count313
\float@exts=\toks29
\float@box=\box65
\@float@everytoks=\toks30
\@floatcapt=\box66
) (c:/Users/32492/AppData/Roaming/TinyTeX/texmf-dist/tex/latex/colortbl/colortbl.sty
Package: colortbl 2024/07/06 v1.0i Color table columns (DPC)
\everycr=\toks31
\minrowclearance=\skip66
\rownum=\count314
) (c:/Users/32492/AppData/Roaming/TinyTeX/texmf-dist/tex/latex/pdflscape/pdflscape.sty
Package: pdflscape 2022-10-27 v0.13 Display of landscape pages in PDF
(c:/Users/32492/AppData/Roaming/TinyTeX/texmf-dist/tex/latex/pdflscape/pdflscape-nometadata.sty
Package: pdflscape-nometadata 2022-10-28 v0.13 Display of landscape pages in PDF (HO)
(c:/Users/32492/AppData/Roaming/TinyTeX/texmf-dist/tex/latex/graphics/lscape.sty
Package: lscape 2020/05/28 v3.02 Landscape Pages (DPC)
)
Package pdflscape Info: Auto-detected driver: pdftex on input line 81.
)) (c:/Users/32492/AppData/Roaming/TinyTeX/texmf-dist/tex/latex/tabu/tabu.sty
Package: tabu 2019/01/11 v2.9 - flexible LaTeX tabulars (FC+tabu-fixed)
(c:/Users/32492/AppData/Roaming/TinyTeX/texmf-dist/tex/latex/varwidth/varwidth.sty
Package: varwidth 2009/03/30 ver 0.92;  Variable-width minipages
\@vwid@box=\box67
\sift@deathcycles=\count315
\@vwid@loff=\dimen192
\@vwid@roff=\dimen193
)
\c@taburow=\count316
\tabu@nbcols=\count317
\tabu@cnt=\count318
\tabu@Xcol=\count319
\tabu@alloc=\count320
\tabu@nested=\count321
\tabu@target=\dimen194
\tabu@spreadtarget=\dimen195
\tabu@naturalX=\dimen196
\tabucolX=\dimen197
\tabu@Xsum=\dimen198
\extrarowdepth=\dimen199
\abovetabulinesep=\dimen256
\belowtabulinesep=\dimen257
\tabustrutrule=\dimen258
\tabu@thebody=\toks32
\tabu@footnotes=\toks33
\tabu@box=\box68
\tabu@arstrutbox=\box69
\tabu@hleads=\box70
\tabu@vleads=\box71
\tabu@cellskip=\skip67
) (c:/Users/32492/AppData/Roaming/TinyTeX/texmf-dist/tex/latex/threeparttable/threeparttable.sty
Package: threeparttable 2003/06/13  v 3.0
\@tempboxb=\box72
) (c:/Users/32492/AppData/Roaming/TinyTeX/texmf-dist/tex/latex/threeparttablex/threeparttablex.sty
Package: threeparttablex 2013/07/23 v0.3 by daleif
(c:/Users/32492/AppData/Roaming/TinyTeX/texmf-dist/tex/latex/environ/environ.sty
Package: environ 2014/05/04 v0.3 A new way to define environments
(c:/Users/32492/AppData/Roaming/TinyTeX/texmf-dist/tex/latex/trimspaces/trimspaces.sty
Package: trimspaces 2009/09/17 v1.1 Trim spaces around a token list
))
\TPTL@width=\skip68
) (c:/Users/32492/AppData/Roaming/TinyTeX/texmf-dist/tex/generic/ulem/ulem.sty
\UL@box=\box73
\UL@hyphenbox=\box74
\UL@skip=\skip69
\UL@hook=\toks34
\UL@height=\dimen259
\UL@pe=\count322
\UL@pixel=\dimen260
\ULC@box=\box75
Package: ulem 2019/11/18
\ULdepth=\dimen261
) (c:/Users/32492/AppData/Roaming/TinyTeX/texmf-dist/tex/latex/makecell/makecell.sty
Package: makecell 2009/08/03 V0.1e Managing of Tab Column Heads and Cells
\rotheadsize=\dimen262
\c@nlinenum=\count323
\TeXr@lab=\toks35
) (c:/Users/32492/AppData/Roaming/TinyTeX/texmf-dist/tex/latex/tabularray/tabularray.sty
Package: tabularray 2025-03-11 v2025A Typeset tabulars and arrays with LaTeX3
(c:/Users/32492/AppData/Roaming/TinyTeX/texmf-dist/tex/latex/ninecolors/ninecolors.sty
Package: ninecolors 2022-02-13 v2022D Select colors with proper color contrast
(c:/Users/32492/AppData/Roaming/TinyTeX/texmf-dist/tex/latex/l3packages/xparse/xparse.sty (c:/Users/32492/AppData/Roaming/TinyTeX/texmf-dist/tex/latex/l3kernel/expl3.sty
Package: expl3 2025-04-14 L3 programming layer (loader) 
(c:/Users/32492/AppData/Roaming/TinyTeX/texmf-dist/tex/latex/l3backend/l3backend-pdftex.def
File: l3backend-pdftex.def 2025-04-14 L3 backend support: PDF output (pdfTeX)
\l__color_backend_stack_int=\count324
))
Package: xparse 2024-08-16 L3 Experimental document command parser
))
\l__tblr_a_int=\count325
\l__tblr_c_int=\count326
\l__tblr_r_int=\count327
\l__tblr_d_dim=\dimen263
\l__tblr_h_dim=\dimen264
\l__tblr_o_dim=\dimen265
\l__tblr_p_dim=\dimen266
\l__tblr_q_dim=\dimen267
\l__tblr_r_dim=\dimen268
\l__tblr_s_dim=\dimen269
\l__tblr_t_dim=\dimen270
\l__tblr_v_dim=\dimen271
\l__tblr_w_dim=\dimen272
\l__tblr_a_box=\box76
\l__tblr_b_box=\box77
\l__tblr_c_box=\box78
\l__tblr_d_box=\box79
\c@tblrcount=\count328
\c@colnum=\count329
\c@rowcount=\count330
\c@colcount=\count331
\abovesep=\dimen273
\belowsep=\dimen274
\leftsep=\dimen275
\rightsep=\dimen276
\gTblrLevelInt=\count332
\g__tblr_data_row_key_count_int=\count333
\g__tblr_data_column_key_count_int=\count334
\g__tblr_data_cell_key_count_int=\count335
\g__tblr_array_int=\count336
\l__tblr_key_count_int=\count337
\l__tblr_key_quotient_int=\count338
\l__tblr_key_quotient_two_int=\count339
\l__tblr_key_remainder_int=\count340
\g__tblr_data_str_value_count_int=\count341
\lTblrChildTotalInt=\count342
\lTblrChildHtotalInt=\count343
\lTblrChildVtotalInt=\count344
\l__child_diff_h_int=\count345
\l__child_diff_v_int=\count346
\l__child_sign_h_int=\count347
\l__child_sign_v_int=\count348
\l__child_step_int=\count349
\lTblrDefaultHruleWidthDim=\dimen277
\lTblrDefaultVruleWidthDim=\dimen278
\l__tblr_split_balance_int=\count350
\l__tblr_strut_dp_dim=\dimen279
\l__tblr_strut_ht_dim=\dimen280
\g__tblr_cell_wd_dim=\dimen281
\g__tblr_cell_ht_dim=\dimen282
\g__tblr_cell_head_dim=\dimen283
\g__tblr_cell_foot_dim=\dimen284
\l__tblr_measured_cell_box=\box80
\g__tblr_last_box=\box81
\l__tblr_temp_box=\box82
\l__tblr_column_target_dim=\dimen285
\l__tblr_hfuzz_dim=\dimen286
\l__tblr_caption_box=\box83
\l__tblr_caption_left_box=\box84
\lTblrRowHeadInt=\count351
\lTblrRowFootInt=\count352
\l__tblr_row_head_box=\box85
\l__tblr_row_foot_box=\box86
\l__tblr_row_head_foot_dim=\dimen287
\lTblrTableWidthDim=\dimen288
\l__tblr_table_firsthead_box=\box87
\l__tblr_table_middlehead_box=\box88
\l__tblr_table_lasthead_box=\box89
\l__tblr_table_firstfoot_box=\box90
\l__tblr_table_middlefoot_box=\box91
\l__tblr_table_lastfoot_box=\box92
\l__tblr_remain_height_dim=\dimen289
\l__tblr_long_from_int=\count353
\l__tblr_long_to_int=\count354
\l__tblr_curr_i_int=\count355
\l__tblr_prev_i_int=\count356
\lTblrTablePageInt=\count357
\l__tblr_table_head_box=\box93
\l__tblr_table_foot_box=\box94
\l__tblr_table_head_foot_dim=\dimen290
\l__tblr_table_head_body_foot_dim=\dimen291
\l__tblr_table_box=\box95
\lTblrRowFirstInt=\count358
\lTblrRowLastInt=\count359
\l__tblr_table_hlines_box=\box96
\l__tblr_hline_box=\box97
\l__tblr_row_box=\box98
\l__tblr_col_o_wd_dim=\dimen292
\l__tblr_col_b_wd_dim=\dimen293
\l__tblr_hline_leftskip_dim=\dimen294
\l__tblr_hline_rightskip_dim=\dimen295
\l__tblr_row_ht_dim=\dimen296
\l__tblr_row_dp_dim=\dimen297
\l__tblr_row_abovesep_dim=\dimen298
\l__tblr_row_belowsep_dim=\dimen299
\l__tblr_row_vlines_box=\box99
\l__tblr_vline_box=\box100
\l__tblr_cell_box=\box101
\l__tblr_row_upper_dim=\dimen300
\l__tblr_row_lower_dim=\dimen301
\l__tblr_row_vpace_dim=\dimen302
\l__tblr_vline_aboveskip_dim=\dimen303
\l__tblr_vline_belowskip_dim=\dimen304
\lTblrCellRowSpanInt=\count360
\lTblrCellColSpanInt=\count361
\l__tblr_cell_wd_dim=\dimen305
\l__tblr_cell_ht_dim=\dimen306
\lTblrCellAboveBorderWidthDim=\dimen307
\lTblrCellBelowBorderWidthDim=\dimen308
\lTblrCellLeftBorderWidthDim=\dimen309
\lTblrCellRightBorderWidthDim=\dimen310
\l__tblr_diag_box=\box102
\l__tblr_cell_inner_wd_dim=\dimen311
\l__tblr_cell_inner_dp_dim=\dimen312
\l__tblr_cell_hanchor_dim=\dimen313
\l__tblr_last_cell_table_ht_dim=\dimen314
\l__tblr_last_cell_table_dp_dim=\dimen315
\l__tblr_last_vline_wd_dim=\dimen316
\l__tblr_tikz_node_box=\box103
) (c:/Users/32492/AppData/Roaming/TinyTeX/texmf-dist/tex/latex/graphics/rotating.sty
Package: rotating 2016/08/11 v2.16d rotated objects in LaTeX
(c:/Users/32492/AppData/Roaming/TinyTeX/texmf-dist/tex/latex/base/ifthen.sty
Package: ifthen 2024/03/16 v1.1e Standard LaTeX ifthen package (DPC)
)
\c@r@tfl@t=\count362
\rotFPtop=\skip70
\rotFPbot=\skip71
\rot@float@box=\box104
\rot@mess@toks=\toks36
) (c:/Users/32492/AppData/Roaming/TinyTeX/texmf-dist/tex/latex/siunitx/siunitx.sty
Package: siunitx 2025-04-19 v3.4.9 A comprehensive (SI) units package
\l__siunitx_number_uncert_offset_int=\count363
\l__siunitx_number_exponent_fixed_int=\count364
\l__siunitx_number_min_decimal_int=\count365
\l__siunitx_number_min_integer_int=\count366
\l__siunitx_number_round_precision_int=\count367
\l__siunitx_number_lower_threshold_int=\count368
\l__siunitx_number_upper_threshold_int=\count369
\l__siunitx_number_group_first_int=\count370
\l__siunitx_number_group_size_int=\count371
\l__siunitx_number_group_minimum_int=\count372
\l__siunitx_angle_tmp_dim=\dimen317
\l__siunitx_angle_marker_box=\box105
\l__siunitx_angle_unit_box=\box106
\l__siunitx_compound_count_int=\count373
\l__siunitx_table_tmp_box=\box107
\l__siunitx_table_tmp_dim=\dimen318
\l__siunitx_table_column_width_dim=\dimen319
\l__siunitx_table_integer_box=\box108
\l__siunitx_table_decimal_box=\box109
\l__siunitx_table_uncert_box=\box110
\l__siunitx_table_before_box=\box111
\l__siunitx_table_after_box=\box112
\l__siunitx_table_before_dim=\dimen320
\l__siunitx_table_carry_dim=\dimen321
\l__siunitx_unit_tmp_int=\count374
\l__siunitx_unit_position_int=\count375
\l__siunitx_unit_total_int=\count376
) (c:/Users/32492/AppData/Roaming/TinyTeX/texmf-dist/tex/latex/bookmark/bookmark.sty
Package: bookmark 2023-12-10 v1.31 PDF bookmarks (HO)
(c:/Users/32492/AppData/Roaming/TinyTeX/texmf-dist/tex/latex/hyperref/hyperref.sty
Package: hyperref 2024-11-05 v7.01l Hypertext links for LaTeX
(c:/Users/32492/AppData/Roaming/TinyTeX/texmf-dist/tex/latex/kvsetkeys/kvsetkeys.sty
Package: kvsetkeys 2022-10-05 v1.19 Key value parser (HO)
) (c:/Users/32492/AppData/Roaming/TinyTeX/texmf-dist/tex/generic/kvdefinekeys/kvdefinekeys.sty
Package: kvdefinekeys 2019-12-19 v1.6 Define keys (HO)
) (c:/Users/32492/AppData/Roaming/TinyTeX/texmf-dist/tex/generic/pdfescape/pdfescape.sty
Package: pdfescape 2019/12/09 v1.15 Implements pdfTeX's escape features (HO)
(c:/Users/32492/AppData/Roaming/TinyTeX/texmf-dist/tex/generic/ltxcmds/ltxcmds.sty
Package: ltxcmds 2023-12-04 v1.26 LaTeX kernel commands for general use (HO)
) (c:/Users/32492/AppData/Roaming/TinyTeX/texmf-dist/tex/generic/pdftexcmds/pdftexcmds.sty
Package: pdftexcmds 2020-06-27 v0.33 Utility functions of pdfTeX for LuaTeX (HO)
(c:/Users/32492/AppData/Roaming/TinyTeX/texmf-dist/tex/generic/infwarerr/infwarerr.sty
Package: infwarerr 2019/12/03 v1.5 Providing info/warning/error messages (HO)
)
Package pdftexcmds Info: \pdf@primitive is available.
Package pdftexcmds Info: \pdf@ifprimitive is available.
Package pdftexcmds Info: \pdfdraftmode found.
)) (c:/Users/32492/AppData/Roaming/TinyTeX/texmf-dist/tex/latex/hycolor/hycolor.sty
Package: hycolor 2020-01-27 v1.10 Color options for hyperref/bookmark (HO)
) (c:/Users/32492/AppData/Roaming/TinyTeX/texmf-dist/tex/latex/hyperref/nameref.sty
Package: nameref 2023-11-26 v2.56 Cross-referencing by name of section
(c:/Users/32492/AppData/Roaming/TinyTeX/texmf-dist/tex/latex/refcount/refcount.sty
Package: refcount 2019/12/15 v3.6 Data extraction from label references (HO)
) (c:/Users/32492/AppData/Roaming/TinyTeX/texmf-dist/tex/generic/gettitlestring/gettitlestring.sty
Package: gettitlestring 2019/12/15 v1.6 Cleanup title references (HO)
(c:/Users/32492/AppData/Roaming/TinyTeX/texmf-dist/tex/latex/kvoptions/kvoptions.sty
Package: kvoptions 2022-06-15 v3.15 Key value format for package options (HO)
))
\c@section@level=\count377
) (c:/Users/32492/AppData/Roaming/TinyTeX/texmf-dist/tex/generic/stringenc/stringenc.sty
Package: stringenc 2019/11/29 v1.12 Convert strings between diff. encodings (HO)
)
\@linkdim=\dimen322
\Hy@linkcounter=\count378
\Hy@pagecounter=\count379
(c:/Users/32492/AppData/Roaming/TinyTeX/texmf-dist/tex/latex/hyperref/pd1enc.def
File: pd1enc.def 2024-11-05 v7.01l Hyperref: PDFDocEncoding definition (HO)
Now handling font encoding PD1 ...
... no UTF-8 mapping file for font encoding PD1
) (c:/Users/32492/AppData/Roaming/TinyTeX/texmf-dist/tex/generic/intcalc/intcalc.sty
Package: intcalc 2019/12/15 v1.3 Expandable calculations with integers (HO)
)
\Hy@SavedSpaceFactor=\count380
(c:/Users/32492/AppData/Roaming/TinyTeX/texmf-dist/tex/latex/hyperref/puenc.def
File: puenc.def 2024-11-05 v7.01l Hyperref: PDF Unicode definition (HO)
Now handling font encoding PU ...
... no UTF-8 mapping file for font encoding PU
)
Package hyperref Info: Option `unicode' set `true' on input line 4040.
Package hyperref Info: Hyper figures OFF on input line 4157.
Package hyperref Info: Link nesting OFF on input line 4162.
Package hyperref Info: Hyper index ON on input line 4165.
Package hyperref Info: Plain pages OFF on input line 4172.
Package hyperref Info: Backreferencing OFF on input line 4177.
Package hyperref Info: Implicit mode ON; LaTeX internals redefined.
Package hyperref Info: Bookmarks ON on input line 4424.
\c@Hy@tempcnt=\count381
(c:/Users/32492/AppData/Roaming/TinyTeX/texmf-dist/tex/latex/url/url.sty
\Urlmuskip=\muskip18
Package: url 2013/09/16  ver 3.4  Verb mode for urls, etc.
)
LaTeX Info: Redefining \url on input line 4763.
\XeTeXLinkMargin=\dimen323
(c:/Users/32492/AppData/Roaming/TinyTeX/texmf-dist/tex/generic/bitset/bitset.sty
Package: bitset 2019/12/09 v1.3 Handle bit-vector datatype (HO)
(c:/Users/32492/AppData/Roaming/TinyTeX/texmf-dist/tex/generic/bigintcalc/bigintcalc.sty
Package: bigintcalc 2019/12/15 v1.5 Expandable calculations on big integers (HO)
))
\Fld@menulength=\count382
\Field@Width=\dimen324
\Fld@charsize=\dimen325
Package hyperref Info: Hyper figures OFF on input line 6042.
Package hyperref Info: Link nesting OFF on input line 6047.
Package hyperref Info: Hyper index ON on input line 6050.
Package hyperref Info: backreferencing OFF on input line 6057.
Package hyperref Info: Link coloring OFF on input line 6062.
Package hyperref Info: Link coloring with OCG OFF on input line 6067.
Package hyperref Info: PDF/A mode OFF on input line 6072.
(c:/Users/32492/AppData/Roaming/TinyTeX/texmf-dist/tex/latex/base/atbegshi-ltx.sty
Package: atbegshi-ltx 2021/01/10 v1.0c Emulation of the original atbegshi
package with kernel methods
)
\Hy@abspage=\count383
\c@Item=\count384
\c@Hfootnote=\count385
)
Package hyperref Info: Driver (autodetected): hpdftex.
(c:/Users/32492/AppData/Roaming/TinyTeX/texmf-dist/tex/latex/hyperref/hpdftex.def
File: hpdftex.def 2024-11-05 v7.01l Hyperref driver for pdfTeX
(c:/Users/32492/AppData/Roaming/TinyTeX/texmf-dist/tex/latex/base/atveryend-ltx.sty
Package: atveryend-ltx 2020/08/19 v1.0a Emulation of the original atveryend package
with kernel methods
)
\Fld@listcount=\count386
\c@bookmark@seq@number=\count387
(c:/Users/32492/AppData/Roaming/TinyTeX/texmf-dist/tex/latex/rerunfilecheck/rerunfilecheck.sty
Package: rerunfilecheck 2022-07-10 v1.10 Rerun checks for auxiliary files (HO)
(c:/Users/32492/AppData/Roaming/TinyTeX/texmf-dist/tex/generic/uniquecounter/uniquecounter.sty
Package: uniquecounter 2019/12/15 v1.4 Provide unlimited unique counter (HO)
)
Package uniquecounter Info: New unique counter `rerunfilecheck' on input line 285.
)
\Hy@SectionHShift=\skip72
) (c:/Users/32492/AppData/Roaming/TinyTeX/texmf-dist/tex/latex/bookmark/bkm-pdftex.def
File: bkm-pdftex.def 2023-12-10 v1.31 bookmark driver for pdfTeX and luaTeX (HO)
\BKM@id=\count388
))
LaTeX Font Info:    Trying to load font information for T1+lmr on input line 147.
(c:/Users/32492/AppData/Roaming/TinyTeX/texmf-dist/tex/latex/lm/t1lmr.fd
File: t1lmr.fd 2015/05/01 v1.6.1 Font defs for Latin Modern
) (./version_balint.aux

LaTeX Warning: Label `' multiply defined.

)
\openout1 = `version_balint.aux'.

LaTeX Font Info:    Checking defaults for OML/cmm/m/it on input line 147.
LaTeX Font Info:    ... okay on input line 147.
LaTeX Font Info:    Checking defaults for OMS/cmsy/m/n on input line 147.
LaTeX Font Info:    ... okay on input line 147.
LaTeX Font Info:    Checking defaults for OT1/cmr/m/n on input line 147.
LaTeX Font Info:    ... okay on input line 147.
LaTeX Font Info:    Checking defaults for T1/cmr/m/n on input line 147.
LaTeX Font Info:    ... okay on input line 147.
LaTeX Font Info:    Checking defaults for TS1/cmr/m/n on input line 147.
LaTeX Font Info:    ... okay on input line 147.
LaTeX Font Info:    Checking defaults for OMX/cmex/m/n on input line 147.
LaTeX Font Info:    ... okay on input line 147.
LaTeX Font Info:    Checking defaults for U/cmr/m/n on input line 147.
LaTeX Font Info:    ... okay on input line 147.
LaTeX Font Info:    Checking defaults for PD1/pdf/m/n on input line 147.
LaTeX Font Info:    ... okay on input line 147.
LaTeX Font Info:    Checking defaults for PU/pdf/m/n on input line 147.
LaTeX Font Info:    ... okay on input line 147.
(c:/Users/32492/AppData/Roaming/TinyTeX/texmf-dist/tex/latex/epstopdf-pkg/epstopdf-base.sty
Package: epstopdf-base 2020-01-24 v2.11 Base part for package epstopdf
Package epstopdf-base Info: Redefining graphics rule for `.eps' on input line 485.
(c:/Users/32492/AppData/Roaming/TinyTeX/texmf-dist/tex/latex/latexconfig/epstopdf-sys.cfg
File: epstopdf-sys.cfg 2010/07/13 v1.3 Configuration of (r)epstopdf for TeX Live
))
*geometry* driver: auto-detecting
*geometry* detected driver: pdftex
*geometry* verbose mode - [ preamble ] result:
* driver: pdftex
* paper: <default>
* layout: <same size as paper>
* layoutoffset:(h,v)=(0.0pt,0.0pt)
* modes: 
* h-part:(L,W,R)=(72.26999pt, 469.75502pt, 72.26999pt)
* v-part:(T,H,B)=(72.26999pt, 650.43001pt, 72.26999pt)
* \paperwidth=614.295pt
* \paperheight=794.96999pt
* \textwidth=469.75502pt
* \textheight=650.43001pt
* \oddsidemargin=0.0pt
* \evensidemargin=0.0pt
* \topmargin=-37.0pt
* \headheight=12.0pt
* \headsep=25.0pt
* \topskip=10.0pt
* \footskip=30.0pt
* \marginparwidth=65.0pt
* \marginparsep=11.0pt
* \columnsep=10.0pt
* \skip\footins=9.0pt plus 4.0pt minus 2.0pt
* \hoffset=0.0pt
* \voffset=0.0pt
* \mag=1000
* \@twocolumnfalse
* \@twosidefalse
* \@mparswitchfalse
* \@reversemarginfalse
* (1in=72.27pt=25.4mm, 1cm=28.453pt)

Package hyperref Info: Link coloring OFF on input line 147.
LaTeX Font Info:    Trying to load font information for OT1+lmr on input line 149.
(c:/Users/32492/AppData/Roaming/TinyTeX/texmf-dist/tex/latex/lm/ot1lmr.fd
File: ot1lmr.fd 2015/05/01 v1.6.1 Font defs for Latin Modern
)
LaTeX Font Info:    Trying to load font information for OML+lmm on input line 149.
(c:/Users/32492/AppData/Roaming/TinyTeX/texmf-dist/tex/latex/lm/omllmm.fd
File: omllmm.fd 2015/05/01 v1.6.1 Font defs for Latin Modern
)
LaTeX Font Info:    Trying to load font information for OMS+lmsy on input line 149.
(c:/Users/32492/AppData/Roaming/TinyTeX/texmf-dist/tex/latex/lm/omslmsy.fd
File: omslmsy.fd 2015/05/01 v1.6.1 Font defs for Latin Modern
)
LaTeX Font Info:    Trying to load font information for OMX+lmex on input line 149.
(c:/Users/32492/AppData/Roaming/TinyTeX/texmf-dist/tex/latex/lm/omxlmex.fd
File: omxlmex.fd 2015/05/01 v1.6.1 Font defs for Latin Modern
)
LaTeX Font Info:    External font `lmex10' loaded for size
(Font)              <12> on input line 149.
LaTeX Font Info:    External font `lmex10' loaded for size
(Font)              <8> on input line 149.
LaTeX Font Info:    External font `lmex10' loaded for size
(Font)              <6> on input line 149.
LaTeX Font Info:    Trying to load font information for U+msa on input line 149.
(c:/Users/32492/AppData/Roaming/TinyTeX/texmf-dist/tex/latex/amsfonts/umsa.fd
File: umsa.fd 2013/01/14 v3.01 AMS symbols A
)
LaTeX Font Info:    Trying to load font information for U+msb on input line 149.
(c:/Users/32492/AppData/Roaming/TinyTeX/texmf-dist/tex/latex/amsfonts/umsb.fd
File: umsb.fd 2013/01/14 v3.01 AMS symbols B
)
Overfull \hbox (70.60841pt too wide) in paragraph at lines 149--149
 [][] 
 []

LaTeX Font Info:    Trying to load font information for T1+lmtt on input line 153.
(c:/Users/32492/AppData/Roaming/TinyTeX/texmf-dist/tex/latex/lm/t1lmtt.fd
File: t1lmtt.fd 2015/05/01 v1.6.1 Font defs for Latin Modern
)

[1

{c:/Users/32492/AppData/Roaming/TinyTeX/texmf-var/fonts/map/pdftex/updmap/pdftex.map}{c:/Users/32492/AppData/Roaming/TinyTeX/texmf-dist/fonts/enc/dvips/lm/lm-ec.enc}]

[2]

[3]

[4]

[5]

[6]

[7]

[8]

[9]

[10]

[11]

[12]
<version_balint_files/figure-latex/plot-1.pdf, id=74, 469.755pt x 325.215pt>
File: version_balint_files/figure-latex/plot-1.pdf Graphic file (type pdf)
<use version_balint_files/figure-latex/plot-1.pdf>
Package pdftex.def Info: version_balint_files/figure-latex/plot-1.pdf  used on input line 1018.
(pdftex.def)             Requested size: 469.75386pt x 325.2142pt.


[13]

[14 <./version_balint_files/figure-latex/plot-1.pdf>]

[15]
<version_balint_files/figure-latex/residuals plot-1.pdf, id=98, 469.755pt x 325.215pt>
File: version_balint_files/figure-latex/residuals plot-1.pdf Graphic file (type pdf)
<use version_balint_files/figure-latex/residuals plot-1.pdf>
Package pdftex.def Info: version_balint_files/figure-latex/residuals plot-1.pdf  used on input line 1141.
(pdftex.def)             Requested size: 469.75386pt x 325.2142pt.


[16]
<version_balint_files/figure-latex/histogram plot-1.pdf, id=103, 469.755pt x 325.215pt>
File: version_balint_files/figure-latex/histogram plot-1.pdf Graphic file (type pdf)
<use version_balint_files/figure-latex/histogram plot-1.pdf>
Package pdftex.def Info: version_balint_files/figure-latex/histogram plot-1.pdf  used on input line 1143.
(pdftex.def)             Requested size: 469.75386pt x 325.2142pt.


[17 <./version_balint_files/figure-latex/residuals plot-1.pdf>]
<version_balint_files/figure-latex/QQ plot_layout-1.pdf, id=115, 578.16pt x 433.62pt>
File: version_balint_files/figure-latex/QQ plot_layout-1.pdf Graphic file (type pdf)
<use version_balint_files/figure-latex/QQ plot_layout-1.pdf>
Package pdftex.def Info: version_balint_files/figure-latex/QQ plot_layout-1.pdf  used on input line 1155.
(pdftex.def)             Requested size: 469.75385pt x 352.31538pt.


[18 <./version_balint_files/figure-latex/histogram plot-1.pdf>]
LaTeX Font Info:    External font `lmex10' loaded for size
(Font)              <10> on input line 1168.
LaTeX Font Info:    External font `lmex10' loaded for size
(Font)              <7> on input line 1168.
LaTeX Font Info:    External font `lmex10' loaded for size
(Font)              <5> on input line 1168.
<version_balint_files/figure-latex/residuals_plot-1.pdf, id=128, 469.755pt x 325.215pt>
File: version_balint_files/figure-latex/residuals_plot-1.pdf Graphic file (type pdf)
<use version_balint_files/figure-latex/residuals_plot-1.pdf>
Package pdftex.def Info: version_balint_files/figure-latex/residuals_plot-1.pdf  used on input line 1191.
(pdftex.def)             Requested size: 469.75386pt x 325.2142pt.
<version_balint_files/figure-latex/residuals_plot-2.pdf, id=129, 469.755pt x 325.215pt>
File: version_balint_files/figure-latex/residuals_plot-2.pdf Graphic file (type pdf)
<use version_balint_files/figure-latex/residuals_plot-2.pdf>
Package pdftex.def Info: version_balint_files/figure-latex/residuals_plot-2.pdf  used on input line 1192.
(pdftex.def)             Requested size: 469.75386pt x 325.2142pt.
<version_balint_files/figure-latex/residuals_plot-3.pdf, id=130, 469.755pt x 325.215pt>
File: version_balint_files/figure-latex/residuals_plot-3.pdf Graphic file (type pdf)
<use version_balint_files/figure-latex/residuals_plot-3.pdf>
Package pdftex.def Info: version_balint_files/figure-latex/residuals_plot-3.pdf  used on input line 1193.
(pdftex.def)             Requested size: 469.75386pt x 325.2142pt.
<version_balint_files/figure-latex/residuals_plot-4.pdf, id=131, 469.755pt x 325.215pt>
File: version_balint_files/figure-latex/residuals_plot-4.pdf Graphic file (type pdf)
<use version_balint_files/figure-latex/residuals_plot-4.pdf>
Package pdftex.def Info: version_balint_files/figure-latex/residuals_plot-4.pdf  used on input line 1194.
(pdftex.def)             Requested size: 469.75386pt x 325.2142pt.
<version_balint_files/figure-latex/residuals_plot-5.pdf, id=132, 469.755pt x 325.215pt>
File: version_balint_files/figure-latex/residuals_plot-5.pdf Graphic file (type pdf)
<use version_balint_files/figure-latex/residuals_plot-5.pdf>
Package pdftex.def Info: version_balint_files/figure-latex/residuals_plot-5.pdf  used on input line 1195.
(pdftex.def)             Requested size: 469.75386pt x 325.2142pt.
<version_balint_files/figure-latex/residuals_plot-6.pdf, id=133, 469.755pt x 325.215pt>
File: version_balint_files/figure-latex/residuals_plot-6.pdf Graphic file (type pdf)
<use version_balint_files/figure-latex/residuals_plot-6.pdf>
Package pdftex.def Info: version_balint_files/figure-latex/residuals_plot-6.pdf  used on input line 1196.
(pdftex.def)             Requested size: 469.75386pt x 325.2142pt.
<version_balint_files/figure-latex/residuals_plot-7.pdf, id=134, 469.755pt x 325.215pt>
File: version_balint_files/figure-latex/residuals_plot-7.pdf Graphic file (type pdf)
<use version_balint_files/figure-latex/residuals_plot-7.pdf>
Package pdftex.def Info: version_balint_files/figure-latex/residuals_plot-7.pdf  used on input line 1197.
(pdftex.def)             Requested size: 469.75386pt x 325.2142pt.
<version_balint_files/figure-latex/residuals_plot-8.pdf, id=135, 469.755pt x 325.215pt>
File: version_balint_files/figure-latex/residuals_plot-8.pdf Graphic file (type pdf)
<use version_balint_files/figure-latex/residuals_plot-8.pdf>
Package pdftex.def Info: version_balint_files/figure-latex/residuals_plot-8.pdf  used on input line 1198.
(pdftex.def)             Requested size: 469.75386pt x 325.2142pt.
<version_balint_files/figure-latex/residuals_plot-9.pdf, id=136, 469.755pt x 325.215pt>
File: version_balint_files/figure-latex/residuals_plot-9.pdf Graphic file (type pdf)
<use version_balint_files/figure-latex/residuals_plot-9.pdf>
Package pdftex.def Info: version_balint_files/figure-latex/residuals_plot-9.pdf  used on input line 1199.
(pdftex.def)             Requested size: 469.75386pt x 325.2142pt.
<version_balint_files/figure-latex/residuals_plot-10.pdf, id=137, 469.755pt x 325.215pt>
File: version_balint_files/figure-latex/residuals_plot-10.pdf Graphic file (type pdf)
<use version_balint_files/figure-latex/residuals_plot-10.pdf>
Package pdftex.def Info: version_balint_files/figure-latex/residuals_plot-10.pdf  used on input line 1200.
(pdftex.def)             Requested size: 469.75386pt x 325.2142pt.
<version_balint_files/figure-latex/residuals_plot-11.pdf, id=138, 469.755pt x 325.215pt>
File: version_balint_files/figure-latex/residuals_plot-11.pdf Graphic file (type pdf)
<use version_balint_files/figure-latex/residuals_plot-11.pdf>
Package pdftex.def Info: version_balint_files/figure-latex/residuals_plot-11.pdf  used on input line 1201.
(pdftex.def)             Requested size: 469.75386pt x 325.2142pt.
<version_balint_files/figure-latex/residuals_plot-12.pdf, id=139, 469.755pt x 325.215pt>
File: version_balint_files/figure-latex/residuals_plot-12.pdf Graphic file (type pdf)
<use version_balint_files/figure-latex/residuals_plot-12.pdf>
Package pdftex.def Info: version_balint_files/figure-latex/residuals_plot-12.pdf  used on input line 1202.
(pdftex.def)             Requested size: 469.75386pt x 325.2142pt.
<version_balint_files/figure-latex/residuals_plot-13.pdf, id=140, 469.755pt x 325.215pt>
File: version_balint_files/figure-latex/residuals_plot-13.pdf Graphic file (type pdf)
<use version_balint_files/figure-latex/residuals_plot-13.pdf>
Package pdftex.def Info: version_balint_files/figure-latex/residuals_plot-13.pdf  used on input line 1203.
(pdftex.def)             Requested size: 469.75386pt x 325.2142pt.
<version_balint_files/figure-latex/residuals_plot-14.pdf, id=141, 469.755pt x 325.215pt>
File: version_balint_files/figure-latex/residuals_plot-14.pdf Graphic file (type pdf)
<use version_balint_files/figure-latex/residuals_plot-14.pdf>
Package pdftex.def Info: version_balint_files/figure-latex/residuals_plot-14.pdf  used on input line 1204.
(pdftex.def)             Requested size: 469.75386pt x 325.2142pt.

Underfull \hbox (badness 10000) in paragraph at lines 1191--1205
[][]
 []


Underfull \hbox (badness 10000) in paragraph at lines 1191--1205
[]
 []


Underfull \hbox (badness 10000) in paragraph at lines 1191--1205
[]
 []


Underfull \hbox (badness 10000) in paragraph at lines 1191--1205
[]
 []


Underfull \hbox (badness 10000) in paragraph at lines 1191--1205
[]
 []


Underfull \hbox (badness 10000) in paragraph at lines 1191--1205
[]
 []


Underfull \hbox (badness 10000) in paragraph at lines 1191--1205
[]
 []


Underfull \hbox (badness 10000) in paragraph at lines 1191--1205
[]
 []


Underfull \hbox (badness 10000) in paragraph at lines 1191--1205
[]
 []


Underfull \hbox (badness 10000) in paragraph at lines 1191--1205
[]
 []


Underfull \hbox (badness 10000) in paragraph at lines 1191--1205
[]
 []


Underfull \hbox (badness 10000) in paragraph at lines 1191--1205
[]
 []


Underfull \hbox (badness 10000) in paragraph at lines 1191--1205
[]
 []



[19 <./version_balint_files/figure-latex/QQ plot_layout-1.pdf>]

[20 <./version_balint_files/figure-latex/residuals_plot-1.pdf>]

[21 <./version_balint_files/figure-latex/residuals_plot-2.pdf>]

[22 <./version_balint_files/figure-latex/residuals_plot-3.pdf>]

[23 <./version_balint_files/figure-latex/residuals_plot-4.pdf>]

[24 <./version_balint_files/figure-latex/residuals_plot-5.pdf>]

[25 <./version_balint_files/figure-latex/residuals_plot-6.pdf>]

[26 <./version_balint_files/figure-latex/residuals_plot-7.pdf>]

[27 <./version_balint_files/figure-latex/residuals_plot-8.pdf>]

[28 <./version_balint_files/figure-latex/residuals_plot-9.pdf>]

[29 <./version_balint_files/figure-latex/residuals_plot-10.pdf>]

[30 <./version_balint_files/figure-latex/residuals_plot-11.pdf>]

[31 <./version_balint_files/figure-latex/residuals_plot-12.pdf>]

[32 <./version_balint_files/figure-latex/residuals_plot-13.pdf>]
LaTeX Font Info:    Font shape `T1/lmtt/bx/n' in size <10> not available
(Font)              Font shape `T1/lmtt/b/n' tried instead on input line 1224.

LaTeX Warning: Float too large for page by 13.30377pt on input line 1305.


LaTeX Warning: Float too large for page by 11.35934pt on input line 1374.

LaTeX Font Info:    Trying to load font information for T1+lmss on input line 1442.
(c:/Users/32492/AppData/Roaming/TinyTeX/texmf-dist/tex/latex/lm/t1lmss.fd
File: t1lmss.fd 2015/05/01 v1.6.1 Font defs for Latin Modern
)

LaTeX Warning: Float too large for page by 215.61398pt on input line 1443.

<version_balint_files/figure-latex/ordering data-1.pdf, id=288, 469.755pt x 325.215pt>
File: version_balint_files/figure-latex/ordering data-1.pdf Graphic file (type pdf)
<use version_balint_files/figure-latex/ordering data-1.pdf>
Package pdftex.def Info: version_balint_files/figure-latex/ordering data-1.pdf  used on input line 1445.
(pdftex.def)             Requested size: 469.75386pt x 325.2142pt.


[33 <./version_balint_files/figure-latex/residuals_plot-14.pdf>]

[34{c:/Users/32492/AppData/Roaming/TinyTeX/texmf-dist/fonts/enc/dvips/lm/lm-mathsy.enc}{c:/Users/32492/AppData/Roaming/TinyTeX/texmf-dist/fonts/enc/dvips/lm/lm-rm.enc}{c:/Users/32492/AppData/Roaming/TinyTeX/texmf-dist/fonts/enc/dvips/lm/lm-mathit.enc}]

[35]

[36]

[37 <./version_balint_files/figure-latex/ordering data-1.pdf>]

[38]

[39]

[40]

[41]

[42]

[43]

[44]

[45]

[46]

[47]

[48]

[49]

[50]

[51]

[52] (./version_balint.aux)
 ***********
LaTeX2e <2024-11-01> patch level 2
L3 programming layer <2025-04-14>
 ***********

LaTeX Warning: There were multiply-defined labels.

 ) 
Here is how much of TeX's memory you used:
 21038 strings out of 471588
 421039 string characters out of 5519290
 851582 words of memory out of 5000000
 47262 multiletter control sequences out of 15000+600000
 681405 words of font info for 86 fonts, out of 8000000 for 9000
 14 hyphenation exceptions out of 8191
 89i,11n,108p,776b,2334s stack positions out of 10000i,1000n,20000p,200000b,200000s
<c:/Users/32492/AppData/Roaming/TinyTeX/texmf-dist/fonts/type1/public/lm/lmbx12.pfb><c:/Users/32492/AppData/Roaming/TinyTeX/texmf-dist/fonts/type1/public/lm/lmmi10.pfb><c:/Users/32492/AppData/Roaming/TinyTeX/texmf-dist/fonts/type1/public/lm/lmr10.pfb><c:/Users/32492/AppData/Roaming/TinyTeX/texmf-dist/fonts/type1/public/lm/lmr12.pfb><c:/Users/32492/AppData/Roaming/TinyTeX/texmf-dist/fonts/type1/public/lm/lmr17.pfb><c:/Users/32492/AppData/Roaming/TinyTeX/texmf-dist/fonts/type1/public/lm/lmr7.pfb><c:/Users/32492/AppData/Roaming/TinyTeX/texmf-dist/fonts/type1/public/lm/lmri10.pfb><c:/Users/32492/AppData/Roaming/TinyTeX/texmf-dist/fonts/type1/public/lm/lmsy10.pfb><c:/Users/32492/AppData/Roaming/TinyTeX/texmf-dist/fonts/type1/public/lm/lmsy7.pfb><c:/Users/32492/AppData/Roaming/TinyTeX/texmf-dist/fonts/type1/public/lm/lmtk10.pfb><c:/Users/32492/AppData/Roaming/TinyTeX/texmf-dist/fonts/type1/public/lm/lmtt10.pfb>
Output written on version_balint.pdf (52 pages, 8069639 bytes).
PDF statistics:
 483 PDF objects out of 1000 (max. 8388607)
 364 compressed objects within 4 object streams
 79 named destinations out of 1000 (max. 500000)
 128 words of extra memory for PDF output out of 10000 (max. 10000000)

